<?xml version="1.0" encoding="UTF-8"?>
<testng-results skipped="0" failed="0" ignored="0" total="2" passed="2">
  <reporter-output>
  </reporter-output>
  <suite name="Default Suite" duration-ms="53952" started-at="2021-08-14T15:13:09 CDT" finished-at="2021-08-14T15:14:03 CDT">
    <groups>
    </groups>
    <test name="SDTEChallenge" duration-ms="53952" started-at="2021-08-14T15:13:09 CDT" finished-at="2021-08-14T15:14:03 CDT">
      <class name="TestCases">
        <test-method status="PASS" signature="setUp()[pri:0, instance:TestCases@3fee9989]" name="setUp" is-config="true" duration-ms="4774" started-at="2021-08-14T15:13:09 CDT" finished-at="2021-08-14T15:13:13 CDT">
          <reporter-output>
          </reporter-output>
        </test-method> <!-- setUp -->
        <test-method status="PASS" signature="TestCase1()[pri:0, instance:TestCases@3fee9989]" name="TestCase1" duration-ms="35996" started-at="2021-08-14T15:13:13 CDT" finished-at="2021-08-14T15:13:49 CDT">
          <reporter-output>
          </reporter-output>
        </test-method> <!-- TestCase1 -->
        <test-method status="PASS" signature="TestCase2()[pri:0, instance:TestCases@3fee9989]" name="TestCase2" duration-ms="12836" started-at="2021-08-14T15:13:49 CDT" finished-at="2021-08-14T15:14:02 CDT">
          <reporter-output>
          </reporter-output>
        </test-method> <!-- TestCase2 -->
        <test-method status="PASS" signature="tearDown()[pri:0, instance:TestCases@3fee9989]" name="tearDown" is-config="true" duration-ms="279" started-at="2021-08-14T15:14:02 CDT" finished-at="2021-08-14T15:14:03 CDT">
          <reporter-output>
          </reporter-output>
        </test-method> <!-- tearDown -->
      </class> <!-- TestCases -->
    </test> <!-- SDTEChallenge -->
  </suite> <!-- Default Suite -->
</testng-results>
